  PlayScene.cpp
  D:\important files\game dev\Include\dinput.h: DIRECTINPUT_VERSION undefined. Defaulting to version 0x0800
C:\Users\MSi\source\repos\Super-Mario-Bros-3-World-1-1\Super Mario Bros 3\Super Mario Bros 3\Cgame.h(8,1): warning C4005: 'DIRECTINPUT_VERSION': macro redefinition
D:\important files\game dev\Include\dinput.h(42): message : see previous definition of 'DIRECTINPUT_VERSION'
C:\Users\MSi\source\repos\Super-Mario-Bros-3-World-1-1\Super Mario Bros 3\Super Mario Bros 3\Mario.h(17,1): warning C4005: 'MARIO_STATE_DIE': macro redefinition
C:\Users\MSi\source\repos\Super-Mario-Bros-3-World-1-1\Super Mario Bros 3\Super Mario Bros 3\Mario.h(14): message : see previous definition of 'MARIO_STATE_DIE'
C:\Users\MSi\source\repos\Super-Mario-Bros-3-World-1-1\Super Mario Bros 3\Super Mario Bros 3\PlayScene.cpp(103,20): warning C4018: '<': signed/unsigned mismatch
C:\Users\MSi\source\repos\Super-Mario-Bros-3-World-1-1\Super Mario Bros 3\Super Mario Bros 3\PlayScene.cpp(109,20): warning C4018: '<': signed/unsigned mismatch
C:\Users\MSi\source\repos\Super-Mario-Bros-3-World-1-1\Super Mario Bros 3\Super Mario Bros 3\PlayScene.cpp(111,20): warning C4018: '<': signed/unsigned mismatch
C:\Users\MSi\source\repos\Super-Mario-Bros-3-World-1-1\Super Mario Bros 3\Super Mario Bros 3\PlayScene.cpp(113,37): warning C4018: '<': signed/unsigned mismatch
C:\Users\MSi\source\repos\Super-Mario-Bros-3-World-1-1\Super Mario Bros 3\Super Mario Bros 3\PlayScene.cpp(134,20): warning C4018: '<': signed/unsigned mismatch
C:\Users\MSi\source\repos\Super-Mario-Bros-3-World-1-1\Super Mario Bros 3\Super Mario Bros 3\PlayScene.cpp(147,20): warning C4018: '<': signed/unsigned mismatch
C:\Users\MSi\source\repos\Super-Mario-Bros-3-World-1-1\Super Mario Bros 3\Super Mario Bros 3\PlayScene.cpp(193,20): warning C4018: '<': signed/unsigned mismatch
C:\Users\MSi\source\repos\Super-Mario-Bros-3-World-1-1\Super Mario Bros 3\Super Mario Bros 3\PlayScene.cpp(212,20): warning C4018: '<': signed/unsigned mismatch
C:\Users\MSi\source\repos\Super-Mario-Bros-3-World-1-1\Super Mario Bros 3\Super Mario Bros 3\PlayScene.cpp(246,52): warning C4244: 'argument': conversion from 'double' to 'int', possible loss of data
C:\Users\MSi\source\repos\Super-Mario-Bros-3-World-1-1\Super Mario Bros 3\Super Mario Bros 3\PlayScene.cpp(246,27): warning C4244: 'argument': conversion from 'double' to 'int', possible loss of data
C:\Users\MSi\source\repos\Super-Mario-Bros-3-World-1-1\Super Mario Bros 3\Super Mario Bros 3\PlayScene.cpp(256,52): warning C4244: 'argument': conversion from 'double' to 'int', possible loss of data
C:\Users\MSi\source\repos\Super-Mario-Bros-3-World-1-1\Super Mario Bros 3\Super Mario Bros 3\PlayScene.cpp(256,27): warning C4244: 'argument': conversion from 'double' to 'int', possible loss of data
C:\Users\MSi\source\repos\Super-Mario-Bros-3-World-1-1\Super Mario Bros 3\Super Mario Bros 3\PlayScene.cpp(263,52): warning C4244: 'argument': conversion from 'double' to 'int', possible loss of data
C:\Users\MSi\source\repos\Super-Mario-Bros-3-World-1-1\Super Mario Bros 3\Super Mario Bros 3\PlayScene.cpp(263,27): warning C4244: 'argument': conversion from 'double' to 'int', possible loss of data
C:\Users\MSi\source\repos\Super-Mario-Bros-3-World-1-1\Super Mario Bros 3\Super Mario Bros 3\PlayScene.cpp(276,48): warning C4244: 'argument': conversion from 'double' to 'float', possible loss of data
C:\Users\MSi\source\repos\Super-Mario-Bros-3-World-1-1\Super Mario Bros 3\Super Mario Bros 3\PlayScene.cpp(276,23): warning C4244: 'argument': conversion from 'double' to 'float', possible loss of data
  VenusFireTrap.cpp
C:\Users\MSi\source\repos\Super-Mario-Bros-3-World-1-1\Super Mario Bros 3\Super Mario Bros 3\Mario.h(17,1): warning C4005: 'MARIO_STATE_DIE': macro redefinition
C:\Users\MSi\source\repos\Super-Mario-Bros-3-World-1-1\Super Mario Bros 3\Super Mario Bros 3\Mario.h(14): message : see previous definition of 'MARIO_STATE_DIE'
  Generating Code...
  Super Mario Bros 3.vcxproj -> C:\Users\MSi\source\repos\Super-Mario-Bros-3-World-1-1\Super Mario Bros 3\Debug\Super Mario Bros 3.exe
